  cMainGame.cpp
c:\users\김도형\desktop\sga수업\api\2d프레임워크추가\api2d\cmaingame.cpp(79): warning C4267: '=': 'size_t'에서 'int'(으)로 변환하면서 데이터가 손실될 수 있습니다.
c:\users\김도형\desktop\sga수업\api\2d프레임워크추가\api2d\cmaingame.cpp(80): warning C4267: '=': 'size_t'에서 'int'(으)로 변환하면서 데이터가 손실될 수 있습니다.
c:\users\김도형\desktop\sga수업\api\2d프레임워크추가\api2d\cmaingame.cpp(83): warning C4267: '=': 'size_t'에서 'LONG'(으)로 변환하면서 데이터가 손실될 수 있습니다.
c:\users\김도형\desktop\sga수업\api\2d프레임워크추가\api2d\cmaingame.cpp(84): warning C4267: '=': 'size_t'에서 'LONG'(으)로 변환하면서 데이터가 손실될 수 있습니다.
c:\users\김도형\desktop\sga수업\api\2d프레임워크추가\api2d\cmaingame.cpp(86): warning C4267: '=': 'size_t'에서 'int'(으)로 변환하면서 데이터가 손실될 수 있습니다.
c:\users\김도형\desktop\sga수업\api\2d프레임워크추가\api2d\cmaingame.cpp(157): warning C4244: '=': 'float'에서 'LONG'(으)로 변환하면서 데이터가 손실될 수 있습니다.
c:\users\김도형\desktop\sga수업\api\2d프레임워크추가\api2d\cmaingame.cpp(158): warning C4244: '=': 'float'에서 'LONG'(으)로 변환하면서 데이터가 손실될 수 있습니다.
c:\users\김도형\desktop\sga수업\api\2d프레임워크추가\api2d\cmaingame.cpp(159): warning C4244: '=': 'float'에서 'LONG'(으)로 변환하면서 데이터가 손실될 수 있습니다.
c:\users\김도형\desktop\sga수업\api\2d프레임워크추가\api2d\cmaingame.cpp(160): warning C4244: '=': 'float'에서 'LONG'(으)로 변환하면서 데이터가 손실될 수 있습니다.
c:\users\김도형\desktop\sga수업\api\2d프레임워크추가\api2d\cmaingame.cpp(175): warning C4267: '=': 'size_t'에서 'LONG'(으)로 변환하면서 데이터가 손실될 수 있습니다.
c:\users\김도형\desktop\sga수업\api\2d프레임워크추가\api2d\cmaingame.cpp(180): warning C4267: '=': 'size_t'에서 'int'(으)로 변환하면서 데이터가 손실될 수 있습니다.
c:\users\김도형\desktop\sga수업\api\2d프레임워크추가\api2d\cmaingame.cpp(189): warning C4267: '=': 'size_t'에서 'LONG'(으)로 변환하면서 데이터가 손실될 수 있습니다.
c:\users\김도형\desktop\sga수업\api\2d프레임워크추가\api2d\cmaingame.cpp(194): warning C4267: '=': 'size_t'에서 'int'(으)로 변환하면서 데이터가 손실될 수 있습니다.
c:\users\김도형\desktop\sga수업\api\2d프레임워크추가\api2d\cmaingame.cpp(288): warning C4244: '=': 'float'에서 'int'(으)로 변환하면서 데이터가 손실될 수 있습니다.
c:\users\김도형\desktop\sga수업\api\2d프레임워크추가\api2d\cmaingame.cpp(290): warning C4244: '인수': 'int'에서 'float'(으)로 변환하면서 데이터가 손실될 수 있습니다.
c:\users\김도형\desktop\sga수업\api\2d프레임워크추가\api2d\cmaingame.cpp(342): warning C4244: '=': 'int'에서 'float'(으)로 변환하면서 데이터가 손실될 수 있습니다.
c:\users\김도형\desktop\sga수업\api\2d프레임워크추가\api2d\cmaingame.cpp(343): warning C4244: '=': 'int'에서 'float'(으)로 변환하면서 데이터가 손실될 수 있습니다.
c:\users\김도형\desktop\sga수업\api\2d프레임워크추가\api2d\cmaingame.cpp(363): warning C4244: '=': 'int'에서 'float'(으)로 변환하면서 데이터가 손실될 수 있습니다.
c:\users\김도형\desktop\sga수업\api\2d프레임워크추가\api2d\cmaingame.cpp(364): warning C4244: '=': 'int'에서 'float'(으)로 변환하면서 데이터가 손실될 수 있습니다.
c:\users\김도형\desktop\sga수업\api\2d프레임워크추가\api2d\cmaingame.cpp(384): warning C4244: '=': 'int'에서 'float'(으)로 변환하면서 데이터가 손실될 수 있습니다.
c:\users\김도형\desktop\sga수업\api\2d프레임워크추가\api2d\cmaingame.cpp(385): warning C4244: '=': 'int'에서 'float'(으)로 변환하면서 데이터가 손실될 수 있습니다.
c:\users\김도형\desktop\sga수업\api\2d프레임워크추가\api2d\cmaingame.cpp(392): warning C4244: '인수': 'float'에서 'int'(으)로 변환하면서 데이터가 손실될 수 있습니다.
c:\users\김도형\desktop\sga수업\api\2d프레임워크추가\api2d\cmaingame.cpp(391): warning C4244: '인수': 'float'에서 'int'(으)로 변환하면서 데이터가 손실될 수 있습니다.
c:\users\김도형\desktop\sga수업\api\2d프레임워크추가\api2d\cmaingame.cpp(395): warning C4244: '인수': 'float'에서 'int'(으)로 변환하면서 데이터가 손실될 수 있습니다.
c:\users\김도형\desktop\sga수업\api\2d프레임워크추가\api2d\cmaingame.cpp(394): warning C4244: '인수': 'float'에서 'int'(으)로 변환하면서 데이터가 손실될 수 있습니다.
c:\users\김도형\desktop\sga수업\api\2d프레임워크추가\api2d\cmaingame.cpp(459): warning C4267: '인수': 'size_t'에서 'int'(으)로 변환하면서 데이터가 손실될 수 있습니다.
c:\users\김도형\desktop\sga수업\api\2d프레임워크추가\api2d\cmaingame.cpp(462): warning C4267: '인수': 'size_t'에서 'int'(으)로 변환하면서 데이터가 손실될 수 있습니다.
c:\users\김도형\desktop\sga수업\api\2d프레임워크추가\api2d\cmaingame.cpp(654): warning C4244: 'return': 'double'에서 'float'(으)로 변환하면서 데이터가 손실될 수 있습니다.
c:\users\김도형\desktop\sga수업\api\2d프레임워크추가\api2d\cmaingame.cpp(749): warning C4244: '인수': 'float'에서 'int'(으)로 변환하면서 데이터가 손실될 수 있습니다.
c:\users\김도형\desktop\sga수업\api\2d프레임워크추가\api2d\cmaingame.cpp(748): warning C4244: '인수': 'float'에서 'int'(으)로 변환하면서 데이터가 손실될 수 있습니다.
  API2D.vcxproj -> C:\Users\김도형\Desktop\SGA수업\API\2D프레임워크추가\x64\Debug\ASTAR.exe
