  AStar.cpp
  MainApp.cpp
c:\users\김도형\desktop\sga수업\api\astaralgorithm\astar\mainapp.cpp(130): warning C4244: '-=': 'float'에서 'LONG'(으)로 변환하면서 데이터가 손실될 수 있습니다.
c:\users\김도형\desktop\sga수업\api\astaralgorithm\astar\mainapp.cpp(133): warning C4244: '+=': 'float'에서 'LONG'(으)로 변환하면서 데이터가 손실될 수 있습니다.
c:\users\김도형\desktop\sga수업\api\astaralgorithm\astar\mainapp.cpp(136): warning C4244: '-=': 'float'에서 'LONG'(으)로 변환하면서 데이터가 손실될 수 있습니다.
c:\users\김도형\desktop\sga수업\api\astaralgorithm\astar\mainapp.cpp(139): warning C4244: '+=': 'float'에서 'LONG'(으)로 변환하면서 데이터가 손실될 수 있습니다.
c:\users\김도형\desktop\sga수업\api\astaralgorithm\astar\mainapp.cpp(142): warning C4244: '+=': 'float'에서 'LONG'(으)로 변환하면서 데이터가 손실될 수 있습니다.
c:\users\김도형\desktop\sga수업\api\astaralgorithm\astar\mainapp.cpp(143): warning C4244: '-=': 'float'에서 'LONG'(으)로 변환하면서 데이터가 손실될 수 있습니다.
c:\users\김도형\desktop\sga수업\api\astaralgorithm\astar\mainapp.cpp(146): warning C4244: '+=': 'float'에서 'LONG'(으)로 변환하면서 데이터가 손실될 수 있습니다.
c:\users\김도형\desktop\sga수업\api\astaralgorithm\astar\mainapp.cpp(147): warning C4244: '+=': 'float'에서 'LONG'(으)로 변환하면서 데이터가 손실될 수 있습니다.
c:\users\김도형\desktop\sga수업\api\astaralgorithm\astar\mainapp.cpp(150): warning C4244: '-=': 'float'에서 'LONG'(으)로 변환하면서 데이터가 손실될 수 있습니다.
c:\users\김도형\desktop\sga수업\api\astaralgorithm\astar\mainapp.cpp(151): warning C4244: '-=': 'float'에서 'LONG'(으)로 변환하면서 데이터가 손실될 수 있습니다.
c:\users\김도형\desktop\sga수업\api\astaralgorithm\astar\mainapp.cpp(154): warning C4244: '-=': 'float'에서 'LONG'(으)로 변환하면서 데이터가 손실될 수 있습니다.
c:\users\김도형\desktop\sga수업\api\astaralgorithm\astar\mainapp.cpp(155): warning C4244: '+=': 'float'에서 'LONG'(으)로 변환하면서 데이터가 손실될 수 있습니다.
  코드를 생성하고 있습니다.
  11 of 87 functions (12.6%) were compiled, the rest were copied from previous compilation.
    0 functions were new in current compilation
    0 functions had inline decision re-evaluated but remain unchanged
  코드를 생성했습니다.
  AStar.vcxproj -> C:\Users\김도형\Desktop\SGA수업\API\AstarAlgorithm\Release\AStar.exe
