c:\박철진\180508_api2d\api2d\x64\debug\vc141.pdb
c:\박철진\180508_api2d\api2d\x64\debug\vc141.idb
c:\박철진\180508_api2d\api2d\x64\debug\cvector2.obj
c:\박철진\180508_api2d\api2d\x64\debug\cutil.obj
c:\박철진\180508_api2d\api2d\x64\debug\ctimemanager.obj
c:\박철진\180508_api2d\api2d\x64\debug\cplayer.obj
c:\박철진\180508_api2d\api2d\x64\debug\cmaingame.obj
c:\박철진\180508_api2d\api2d\x64\debug\cenemy.obj
c:\박철진\180508_api2d\api2d\x64\debug\cclock.obj
c:\박철진\180508_api2d\api2d\x64\debug\cbulletmanager.obj
c:\박철진\180508_api2d\api2d\x64\debug\cbullet.obj
c:\박철진\180508_api2d\api2d\x64\debug\cairplane.obj
c:\박철진\180508_api2d\api2d\x64\debug\api2d.obj
c:\박철진\180508_api2d\api2d\x64\debug\api2d.pch
c:\박철진\180508_api2d\api2d\x64\debug\stdafx.obj
c:\박철진\180508_api2d\api2d\x64\debug\cnode.obj
c:\박철진\180508_api2d\x64\debug\api2d.exe
c:\박철진\180508_api2d\x64\debug\api2d.ilk
c:\박철진\180508_api2d\x64\debug\api2d.pdb
c:\박철진\180508_api2d\api2d\x64\debug\api2d.res
c:\박철진\180508_api2d\api2d\x64\debug\api2d.tlog\cl.command.1.tlog
c:\박철진\180508_api2d\api2d\x64\debug\api2d.tlog\cl.read.1.tlog
c:\박철진\180508_api2d\api2d\x64\debug\api2d.tlog\cl.write.1.tlog
c:\박철진\180508_api2d\api2d\x64\debug\api2d.tlog\link.command.1.tlog
c:\박철진\180508_api2d\api2d\x64\debug\api2d.tlog\link.read.1.tlog
c:\박철진\180508_api2d\api2d\x64\debug\api2d.tlog\link.write.1.tlog
c:\박철진\180508_api2d\api2d\x64\debug\api2d.tlog\rc.command.1.tlog
c:\박철진\180508_api2d\api2d\x64\debug\api2d.tlog\rc.read.1.tlog
c:\박철진\180508_api2d\api2d\x64\debug\api2d.tlog\rc.write.1.tlog
