c:\users\김도형\downloads\타이머+전체화면\debug\dxframework.pch
c:\users\김도형\downloads\타이머+전체화면\debug\vc141.pdb
c:\users\김도형\downloads\타이머+전체화면\debug\vc141.idb
c:\users\김도형\downloads\타이머+전체화면\debug\stdafx.obj
c:\users\김도형\downloads\타이머+전체화면\debug\xml.obj
c:\users\김도형\downloads\타이머+전체화면\debug\wvptest.obj
c:\users\김도형\downloads\타이머+전체화면\debug\world.obj
c:\users\김도형\downloads\타이머+전체화면\debug\tweakbar.obj
c:\users\김도형\downloads\타이머+전체화면\debug\timer.obj
c:\users\김도형\downloads\타이머+전체화면\debug\texturetest.obj
c:\users\김도형\downloads\타이머+전체화면\debug\texture.obj
c:\users\김도형\downloads\타이머+전체화면\debug\srttest.obj
c:\users\김도형\downloads\타이머+전체화면\debug\solarsystem.obj
c:\users\김도형\downloads\타이머+전체화면\debug\shadertest.obj
c:\users\김도형\downloads\타이머+전체화면\debug\shader.obj
c:\users\김도형\downloads\타이머+전체화면\debug\planet.obj
c:\users\김도형\downloads\타이머+전체화면\debug\painttool.obj
c:\users\김도형\downloads\타이머+전체화면\debug\monster.obj
c:\users\김도형\downloads\타이머+전체화면\debug\maingame.obj
c:\users\김도형\downloads\타이머+전체화면\debug\inputmanager.obj
c:\users\김도형\downloads\타이머+전체화면\debug\dxframework.obj
c:\users\김도형\downloads\타이머+전체화면\debug\device.obj
c:\users\김도형\downloads\타이머+전체화면\debug\camera.obj
c:\users\김도형\downloads\타이머+전체화면\debug\animator.obj
c:\users\김도형\downloads\타이머+전체화면\debug\xmltest.obj
c:\users\김도형\downloads\타이머+전체화면\debug\colorshader.cso
c:\users\김도형\downloads\타이머+전체화면\debug\alphashader.cso
c:\users\김도형\downloads\타이머+전체화면\debug\multishader.cso
c:\users\김도형\downloads\타이머+전체화면\debug\dxframework.ilk
c:\users\김도형\downloads\타이머+전체화면\debug\dxframework.exe
c:\users\김도형\downloads\타이머+전체화면\debug\dxframework.pdb
c:\users\김도형\downloads\타이머+전체화면\debug\dxframework.res
c:\users\김도형\downloads\타이머+전체화면\debug\dxframework.tlog\cl.command.1.tlog
c:\users\김도형\downloads\타이머+전체화면\debug\dxframework.tlog\cl.read.1.tlog
c:\users\김도형\downloads\타이머+전체화면\debug\dxframework.tlog\cl.write.1.tlog
c:\users\김도형\downloads\타이머+전체화면\debug\dxframework.tlog\fxc.command.1.tlog
c:\users\김도형\downloads\타이머+전체화면\debug\dxframework.tlog\fxc.read.1.tlog
c:\users\김도형\downloads\타이머+전체화면\debug\dxframework.tlog\fxc.write.1.tlog
c:\users\김도형\downloads\타이머+전체화면\debug\dxframework.tlog\link.command.1.tlog
c:\users\김도형\downloads\타이머+전체화면\debug\dxframework.tlog\link.read.1.tlog
c:\users\김도형\downloads\타이머+전체화면\debug\dxframework.tlog\link.write.1.tlog
c:\users\김도형\downloads\타이머+전체화면\debug\dxframework.tlog\rc.command.1.tlog
c:\users\김도형\downloads\타이머+전체화면\debug\dxframework.tlog\rc.read.1.tlog
c:\users\김도형\downloads\타이머+전체화면\debug\dxframework.tlog\rc.write.1.tlog
