  stdafx.cpp
c:\users\김도형\desktop\sga수업\api\dijkstra_180531\dijkstra\cvector2.h(22): warning C4244: '=': 'float'에서 'LONG'(으)로 변환하면서 데이터가 손실될 수 있습니다.
c:\users\김도형\desktop\sga수업\api\dijkstra_180531\dijkstra\cvector2.h(23): warning C4244: '=': 'float'에서 'LONG'(으)로 변환하면서 데이터가 손실될 수 있습니다.
  cButton.cpp
  cInfo.cpp
c:\users\김도형\desktop\sga수업\api\dijkstra_180531\dijkstra\cinfo.cpp(9): warning C4305: '초기화 중': 'int'에서 'float'(으)로 잘립니다.
  cMain.cpp
c:\users\김도형\desktop\sga수업\api\dijkstra_180531\dijkstra\cmain.cpp(33): warning C4244: '인수': 'int'에서 'float'(으)로 변환하면서 데이터가 손실될 수 있습니다.
c:\users\김도형\desktop\sga수업\api\dijkstra_180531\dijkstra\cmain.cpp(58): warning C4244: '인수': 'int'에서 'float'(으)로 변환하면서 데이터가 손실될 수 있습니다.
c:\users\김도형\desktop\sga수업\api\dijkstra_180531\dijkstra\cmain.cpp(68): warning C4244: '인수': 'int'에서 'float'(으)로 변환하면서 데이터가 손실될 수 있습니다.
c:\users\김도형\desktop\sga수업\api\dijkstra_180531\dijkstra\cmain.cpp(82): warning C4244: '인수': 'int'에서 'float'(으)로 변환하면서 데이터가 손실될 수 있습니다.
c:\users\김도형\desktop\sga수업\api\dijkstra_180531\dijkstra\cmain.cpp(96): warning C4244: '인수': 'int'에서 'float'(으)로 변환하면서 데이터가 손실될 수 있습니다.
c:\users\김도형\desktop\sga수업\api\dijkstra_180531\dijkstra\cmain.cpp(112): warning C4244: '인수': 'int'에서 'float'(으)로 변환하면서 데이터가 손실될 수 있습니다.
c:\users\김도형\desktop\sga수업\api\dijkstra_180531\dijkstra\cmain.cpp(129): warning C4101: 'str' :참조되지 않은 지역 변수입니다.
c:\users\김도형\desktop\sga수업\api\dijkstra_180531\dijkstra\cmain.cpp(205): warning C4244: '인수': 'int'에서 'float'(으)로 변환하면서 데이터가 손실될 수 있습니다.
c:\users\김도형\desktop\sga수업\api\dijkstra_180531\dijkstra\cmain.cpp(328): warning C4305: '초기화 중': 'int'에서 'float'(으)로 잘립니다.
c:\users\김도형\desktop\sga수업\api\dijkstra_180531\dijkstra\cmain.cpp(496): warning C4244: '인수': 'float'에서 'int'(으)로 변환하면서 데이터가 손실될 수 있습니다.
c:\users\김도형\desktop\sga수업\api\dijkstra_180531\dijkstra\cmain.cpp(499): warning C4244: '인수': 'float'에서 'int'(으)로 변환하면서 데이터가 손실될 수 있습니다.
c:\users\김도형\desktop\sga수업\api\dijkstra_180531\dijkstra\cmain.cpp(501): warning C4244: '인수': 'float'에서 'int'(으)로 변환하면서 데이터가 손실될 수 있습니다.
c:\users\김도형\desktop\sga수업\api\dijkstra_180531\dijkstra\cmain.cpp(509): warning C4244: '인수': 'float'에서 'int'(으)로 변환하면서 데이터가 손실될 수 있습니다.
c:\users\김도형\desktop\sga수업\api\dijkstra_180531\dijkstra\cmain.cpp(514): warning C4244: '인수': 'float'에서 'int'(으)로 변환하면서 데이터가 손실될 수 있습니다.
c:\users\김도형\desktop\sga수업\api\dijkstra_180531\dijkstra\cmain.cpp(529): warning C4244: '인수': 'float'에서 'int'(으)로 변환하면서 데이터가 손실될 수 있습니다.
c:\users\김도형\desktop\sga수업\api\dijkstra_180531\dijkstra\cmain.cpp(535): warning C4244: '인수': 'float'에서 'int'(으)로 변환하면서 데이터가 손실될 수 있습니다.
c:\users\김도형\desktop\sga수업\api\dijkstra_180531\dijkstra\cmain.cpp(552): warning C4244: '인수': 'float'에서 'int'(으)로 변환하면서 데이터가 손실될 수 있습니다.
c:\users\김도형\desktop\sga수업\api\dijkstra_180531\dijkstra\cmain.cpp(553): warning C4244: '인수': 'float'에서 'int'(으)로 변환하면서 데이터가 손실될 수 있습니다.
c:\users\김도형\desktop\sga수업\api\dijkstra_180531\dijkstra\cmain.cpp(557): warning C4244: '인수': 'float'에서 'int'(으)로 변환하면서 데이터가 손실될 수 있습니다.
c:\users\김도형\desktop\sga수업\api\dijkstra_180531\dijkstra\cmain.cpp(580): warning C4244: '인수': 'int'에서 'float'(으)로 변환하면서 데이터가 손실될 수 있습니다.
c:\users\김도형\desktop\sga수업\api\dijkstra_180531\dijkstra\cmain.cpp(592): warning C4244: '=': 'float'에서 'LONG'(으)로 변환하면서 데이터가 손실될 수 있습니다.
c:\users\김도형\desktop\sga수업\api\dijkstra_180531\dijkstra\cmain.cpp(593): warning C4244: '=': 'float'에서 'LONG'(으)로 변환하면서 데이터가 손실될 수 있습니다.
c:\users\김도형\desktop\sga수업\api\dijkstra_180531\dijkstra\cmain.cpp(594): warning C4244: '=': 'float'에서 'LONG'(으)로 변환하면서 데이터가 손실될 수 있습니다.
c:\users\김도형\desktop\sga수업\api\dijkstra_180531\dijkstra\cmain.cpp(595): warning C4244: '=': 'float'에서 'LONG'(으)로 변환하면서 데이터가 손실될 수 있습니다.
  cNode.cpp
c:\users\김도형\desktop\sga수업\api\dijkstra_180531\dijkstra\cnode.cpp(22): warning C4244: '인수': 'float'에서 'int'(으)로 변환하면서 데이터가 손실될 수 있습니다.
c:\users\김도형\desktop\sga수업\api\dijkstra_180531\dijkstra\cnode.cpp(23): warning C4244: '인수': 'float'에서 'int'(으)로 변환하면서 데이터가 손실될 수 있습니다.
c:\users\김도형\desktop\sga수업\api\dijkstra_180531\dijkstra\cnode.cpp(30): warning C4244: '인수': 'float'에서 'int'(으)로 변환하면서 데이터가 손실될 수 있습니다.
c:\users\김도형\desktop\sga수업\api\dijkstra_180531\dijkstra\cnode.cpp(29): warning C4244: '인수': 'float'에서 'int'(으)로 변환하면서 데이터가 손실될 수 있습니다.
c:\users\김도형\desktop\sga수업\api\dijkstra_180531\dijkstra\cnode.cpp(28): warning C4244: '인수': 'float'에서 'int'(으)로 변환하면서 데이터가 손실될 수 있습니다.
c:\users\김도형\desktop\sga수업\api\dijkstra_180531\dijkstra\cnode.cpp(27): warning C4244: '인수': 'float'에서 'int'(으)로 변환하면서 데이터가 손실될 수 있습니다.
c:\users\김도형\desktop\sga수업\api\dijkstra_180531\dijkstra\cnode.cpp(33): warning C4244: '인수': 'float'에서 'int'(으)로 변환하면서 데이터가 손실될 수 있습니다.
c:\users\김도형\desktop\sga수업\api\dijkstra_180531\dijkstra\cnode.cpp(44): warning C4244: '인수': 'float'에서 'int'(으)로 변환하면서 데이터가 손실될 수 있습니다.
c:\users\김도형\desktop\sga수업\api\dijkstra_180531\dijkstra\cnode.cpp(48): warning C4244: '인수': 'float'에서 'int'(으)로 변환하면서 데이터가 손실될 수 있습니다.
c:\users\김도형\desktop\sga수업\api\dijkstra_180531\dijkstra\cnode.cpp(39): warning C4101: 'dec' :참조되지 않은 지역 변수입니다.
c:\users\김도형\desktop\sga수업\api\dijkstra_180531\dijkstra\cnode.cpp(39): warning C4101: 'sign' :참조되지 않은 지역 변수입니다.
c:\users\김도형\desktop\sga수업\api\dijkstra_180531\dijkstra\cnode.cpp(40): warning C4101: 'pbuffer' :참조되지 않은 지역 변수입니다.
  cObstacle.cpp
c:\users\김도형\desktop\sga수업\api\dijkstra_180531\dijkstra\cobstacle.cpp(7): warning C4244: '인수': 'LONG'에서 'float'(으)로 변환하면서 데이터가 손실될 수 있습니다.
c:\users\김도형\desktop\sga수업\api\dijkstra_180531\dijkstra\cobstacle.cpp(8): warning C4244: '인수': 'LONG'에서 'float'(으)로 변환하면서 데이터가 손실될 수 있습니다.
c:\users\김도형\desktop\sga수업\api\dijkstra_180531\dijkstra\cobstacle.cpp(18): warning C4244: '인수': 'LONG'에서 'float'(으)로 변환하면서 데이터가 손실될 수 있습니다.
c:\users\김도형\desktop\sga수업\api\dijkstra_180531\dijkstra\cobstacle.cpp(19): warning C4244: '인수': 'LONG'에서 'float'(으)로 변환하면서 데이터가 손실될 수 있습니다.
c:\users\김도형\desktop\sga수업\api\dijkstra_180531\dijkstra\cobstacle.cpp(29): warning C4244: '인수': 'LONG'에서 'float'(으)로 변환하면서 데이터가 손실될 수 있습니다.
c:\users\김도형\desktop\sga수업\api\dijkstra_180531\dijkstra\cobstacle.cpp(30): warning C4244: '인수': 'LONG'에서 'float'(으)로 변환하면서 데이터가 손실될 수 있습니다.
c:\users\김도형\desktop\sga수업\api\dijkstra_180531\dijkstra\cobstacle.cpp(40): warning C4244: '인수': 'LONG'에서 'float'(으)로 변환하면서 데이터가 손실될 수 있습니다.
c:\users\김도형\desktop\sga수업\api\dijkstra_180531\dijkstra\cobstacle.cpp(41): warning C4244: '인수': 'LONG'에서 'float'(으)로 변환하면서 데이터가 손실될 수 있습니다.
c:\users\김도형\desktop\sga수업\api\dijkstra_180531\dijkstra\cobstacle.cpp(56): warning C4244: '=': 'float'에서 'LONG'(으)로 변환하면서 데이터가 손실될 수 있습니다.
c:\users\김도형\desktop\sga수업\api\dijkstra_180531\dijkstra\cobstacle.cpp(57): warning C4244: '=': 'float'에서 'LONG'(으)로 변환하면서 데이터가 손실될 수 있습니다.
c:\users\김도형\desktop\sga수업\api\dijkstra_180531\dijkstra\cobstacle.cpp(58): warning C4244: '=': 'float'에서 'LONG'(으)로 변환하면서 데이터가 손실될 수 있습니다.
c:\users\김도형\desktop\sga수업\api\dijkstra_180531\dijkstra\cobstacle.cpp(59): warning C4244: '=': 'float'에서 'LONG'(으)로 변환하면서 데이터가 손실될 수 있습니다.
c:\users\김도형\desktop\sga수업\api\dijkstra_180531\dijkstra\cobstacle.cpp(61): warning C4244: '=': 'float'에서 'LONG'(으)로 변환하면서 데이터가 손실될 수 있습니다.
c:\users\김도형\desktop\sga수업\api\dijkstra_180531\dijkstra\cobstacle.cpp(62): warning C4244: '=': 'float'에서 'LONG'(으)로 변환하면서 데이터가 손실될 수 있습니다.
c:\users\김도형\desktop\sga수업\api\dijkstra_180531\dijkstra\cobstacle.cpp(63): warning C4244: '=': 'float'에서 'LONG'(으)로 변환하면서 데이터가 손실될 수 있습니다.
c:\users\김도형\desktop\sga수업\api\dijkstra_180531\dijkstra\cobstacle.cpp(64): warning C4244: '=': 'float'에서 'LONG'(으)로 변환하면서 데이터가 손실될 수 있습니다.
c:\users\김도형\desktop\sga수업\api\dijkstra_180531\dijkstra\cobstacle.cpp(148): warning C4244: '=': 'float'에서 'LONG'(으)로 변환하면서 데이터가 손실될 수 있습니다.
c:\users\김도형\desktop\sga수업\api\dijkstra_180531\dijkstra\cobstacle.cpp(149): warning C4244: '=': 'float'에서 'LONG'(으)로 변환하면서 데이터가 손실될 수 있습니다.
c:\users\김도형\desktop\sga수업\api\dijkstra_180531\dijkstra\cobstacle.cpp(155): warning C4244: '=': 'float'에서 'LONG'(으)로 변환하면서 데이터가 손실될 수 있습니다.
c:\users\김도형\desktop\sga수업\api\dijkstra_180531\dijkstra\cobstacle.cpp(158): warning C4244: '=': 'float'에서 'LONG'(으)로 변환하면서 데이터가 손실될 수 있습니다.
c:\users\김도형\desktop\sga수업\api\dijkstra_180531\dijkstra\cobstacle.cpp(163): warning C4244: '=': 'float'에서 'LONG'(으)로 변환하면서 데이터가 손실될 수 있습니다.
c:\users\김도형\desktop\sga수업\api\dijkstra_180531\dijkstra\cobstacle.cpp(166): warning C4244: '=': 'float'에서 'LONG'(으)로 변환하면서 데이터가 손실될 수 있습니다.
  cTimeManager.cpp
  cVector2.cpp
  Dijkstra.cpp
  iButtonDelegate.cpp
  코드를 생성하고 있습니다...
  Dijkstra.vcxproj -> C:\Users\김도형\Desktop\SGA수업\API\Dijkstra_180531\Debug\Dijkstra.exe
