c:\users\김도형\desktop\큐브\debug\dxframework.pch
c:\users\김도형\desktop\큐브\debug\vc141.pdb
c:\users\김도형\desktop\큐브\debug\vc141.idb
c:\users\김도형\desktop\큐브\debug\stdafx.obj
c:\users\김도형\desktop\큐브\debug\wvptest.obj
c:\users\김도형\desktop\큐브\debug\world.obj
c:\users\김도형\desktop\큐브\debug\tweakbar.obj
c:\users\김도형\desktop\큐브\debug\timer.obj
c:\users\김도형\desktop\큐브\debug\texturetest.obj
c:\users\김도형\desktop\큐브\debug\texture.obj
c:\users\김도형\desktop\큐브\debug\srttest.obj
c:\users\김도형\desktop\큐브\debug\solarsystem.obj
c:\users\김도형\desktop\큐브\debug\shader.obj
c:\users\김도형\desktop\큐브\debug\planet.obj
c:\users\김도형\desktop\큐브\debug\painttool.obj
c:\users\김도형\desktop\큐브\debug\maingame.obj
c:\users\김도형\desktop\큐브\debug\inputmanager.obj
c:\users\김도형\desktop\큐브\debug\dxframework.obj
c:\users\김도형\desktop\큐브\debug\device.obj
c:\users\김도형\desktop\큐브\debug\cubetest.obj
c:\users\김도형\desktop\큐브\debug\camera.obj
c:\users\김도형\desktop\큐브\debug\animator.obj
c:\users\김도형\desktop\큐브\debug\xmltest.obj
c:\users\김도형\desktop\큐브\debug\xml.obj
c:\users\김도형\desktop\큐브\debug\monster.obj
c:\users\김도형\desktop\큐브\debug\shadertest.obj
c:\users\김도형\desktop\큐브\debug\blurshader.cso
c:\users\김도형\desktop\큐브\debug\colorshader.cso
c:\users\김도형\desktop\큐브\debug\alphashader.cso
c:\users\김도형\desktop\큐브\debug\mosaicshader.cso
c:\users\김도형\desktop\큐브\debug\multishader.cso
c:\users\김도형\desktop\큐브\debug\dxframework.exe
c:\users\김도형\desktop\큐브\debug\dxframework.ilk
c:\users\김도형\desktop\큐브\debug\dxframework.pdb
c:\users\김도형\desktop\큐브\debug\dxframework.res
c:\users\김도형\desktop\큐브\debug\dxframework.tlog\cl.command.1.tlog
c:\users\김도형\desktop\큐브\debug\dxframework.tlog\cl.read.1.tlog
c:\users\김도형\desktop\큐브\debug\dxframework.tlog\cl.write.1.tlog
c:\users\김도형\desktop\큐브\debug\dxframework.tlog\fxc.command.1.tlog
c:\users\김도형\desktop\큐브\debug\dxframework.tlog\fxc.read.1.tlog
c:\users\김도형\desktop\큐브\debug\dxframework.tlog\fxc.write.1.tlog
c:\users\김도형\desktop\큐브\debug\dxframework.tlog\link.command.1.tlog
c:\users\김도형\desktop\큐브\debug\dxframework.tlog\link.read.1.tlog
c:\users\김도형\desktop\큐브\debug\dxframework.tlog\link.write.1.tlog
c:\users\김도형\desktop\큐브\debug\dxframework.tlog\rc.command.1.tlog
c:\users\김도형\desktop\큐브\debug\dxframework.tlog\rc.read.1.tlog
c:\users\김도형\desktop\큐브\debug\dxframework.tlog\rc.write.1.tlog
