  stdafx.cpp
c:\users\김도형\desktop\sga수업\api\180625_api(포트리스)\api2d\cutil.h(9): warning C4091: 'static ': 변수를 선언하지 않으면 'cUtil' 왼쪽은 무시됩니다.
  API2D.cpp
  cAirplane.cpp
  cAutoReleasePool.cpp
  cBullet.cpp
  cBulletManager.cpp
  cButton.cpp
  cClock.cpp
  cCrt.cpp
c:\users\김도형\desktop\sga수업\api\180625_api(포트리스)\api2d\ccrt.cpp(11): warning C4244: '인수': 'const LONG'에서 'float'(으)로 변환하면서 데이터가 손실될 수 있습니다.
c:\users\김도형\desktop\sga수업\api\180625_api(포트리스)\api2d\ccrt.cpp(77): warning C4244: '=': 'float'에서 'LONG'(으)로 변환하면서 데이터가 손실될 수 있습니다.
c:\users\김도형\desktop\sga수업\api\180625_api(포트리스)\api2d\ccrt.cpp(78): warning C4244: '=': 'float'에서 'LONG'(으)로 변환하면서 데이터가 손실될 수 있습니다.
c:\users\김도형\desktop\sga수업\api\180625_api(포트리스)\api2d\ccrt.cpp(79): warning C4244: '=': 'float'에서 'LONG'(으)로 변환하면서 데이터가 손실될 수 있습니다.
c:\users\김도형\desktop\sga수업\api\180625_api(포트리스)\api2d\ccrt.cpp(80): warning C4244: '=': 'float'에서 'LONG'(으)로 변환하면서 데이터가 손실될 수 있습니다.
  cEnemy.cpp
  cImage.cpp
c:\users\김도형\desktop\sga수업\api\180625_api(포트리스)\api2d\cimage.cpp(66): warning C4267: '인수': 'size_t'에서 'int'(으)로 변환하면서 데이터가 손실될 수 있습니다.
c:\users\김도형\desktop\sga수업\api\180625_api(포트리스)\api2d\cimage.cpp(78): warning C4244: '인수': 'float'에서 'int'(으)로 변환하면서 데이터가 손실될 수 있습니다.
c:\users\김도형\desktop\sga수업\api\180625_api(포트리스)\api2d\cimage.cpp(77): warning C4244: '인수': 'float'에서 'int'(으)로 변환하면서 데이터가 손실될 수 있습니다.
c:\users\김도형\desktop\sga수업\api\180625_api(포트리스)\api2d\cimage.cpp(76): warning C4244: '인수': 'float'에서 'int'(으)로 변환하면서 데이터가 손실될 수 있습니다.
c:\users\김도형\desktop\sga수업\api\180625_api(포트리스)\api2d\cimage.cpp(75): warning C4244: '인수': 'float'에서 'int'(으)로 변환하면서 데이터가 손실될 수 있습니다.
c:\users\김도형\desktop\sga수업\api\180625_api(포트리스)\api2d\cimage.cpp(83): warning C4244: '초기화 중': 'LONG'에서 'float'(으)로 변환하면서 데이터가 손실될 수 있습니다.
c:\users\김도형\desktop\sga수업\api\180625_api(포트리스)\api2d\cimage.cpp(84): warning C4244: '초기화 중': 'LONG'에서 'float'(으)로 변환하면서 데이터가 손실될 수 있습니다.
c:\users\김도형\desktop\sga수업\api\180625_api(포트리스)\api2d\cimage.cpp(103): warning C4267: '인수': 'size_t'에서 'int'(으)로 변환하면서 데이터가 손실될 수 있습니다.
c:\users\김도형\desktop\sga수업\api\180625_api(포트리스)\api2d\cimage.cpp(104): warning C4267: 'return': 'size_t'에서 'int'(으)로 변환하면서 데이터가 손실될 수 있습니다.
  cJumpDownState.cpp
  cJumpUpState.cpp
  cLandingState.cpp
  cMainGame.cpp
c:\users\김도형\desktop\sga수업\api\180625_api(포트리스)\api2d\cmaingame.cpp(89): warning C4244: '인수': 'float'에서 'int'(으)로 변환하면서 데이터가 손실될 수 있습니다.
c:\users\김도형\desktop\sga수업\api\180625_api(포트리스)\api2d\cmaingame.cpp(89): warning C4244: '=': 'int'에서 'float'(으)로 변환하면서 데이터가 손실될 수 있습니다.
c:\users\김도형\desktop\sga수업\api\180625_api(포트리스)\api2d\cmaingame.cpp(91): warning C4244: '인수': 'float'에서 'int'(으)로 변환하면서 데이터가 손실될 수 있습니다.
c:\users\김도형\desktop\sga수업\api\180625_api(포트리스)\api2d\cmaingame.cpp(91): warning C4244: '초기화 중': 'int'에서 'float'(으)로 변환하면서 데이터가 손실될 수 있습니다.
c:\users\김도형\desktop\sga수업\api\180625_api(포트리스)\api2d\cmaingame.cpp(92): warning C4244: '인수': 'float'에서 'int'(으)로 변환하면서 데이터가 손실될 수 있습니다.
c:\users\김도형\desktop\sga수업\api\180625_api(포트리스)\api2d\cmaingame.cpp(92): warning C4244: '초기화 중': 'int'에서 'float'(으)로 변환하면서 데이터가 손실될 수 있습니다.
c:\users\김도형\desktop\sga수업\api\180625_api(포트리스)\api2d\cmaingame.cpp(93): warning C4244: '=': 'double'에서 'float'(으)로 변환하면서 데이터가 손실될 수 있습니다.
c:\users\김도형\desktop\sga수업\api\180625_api(포트리스)\api2d\cmaingame.cpp(95): warning C4244: '인수': 'float'에서 'int'(으)로 변환하면서 데이터가 손실될 수 있습니다.
c:\users\김도형\desktop\sga수업\api\180625_api(포트리스)\api2d\cmaingame.cpp(95): warning C4244: '=': 'int'에서 'float'(으)로 변환하면서 데이터가 손실될 수 있습니다.
c:\users\김도형\desktop\sga수업\api\180625_api(포트리스)\api2d\cmaingame.cpp(162): warning C4267: '인수': 'size_t'에서 'int'(으)로 변환하면서 데이터가 손실될 수 있습니다.
c:\users\김도형\desktop\sga수업\api\180625_api(포트리스)\api2d\cmaingame.cpp(165): warning C4267: '인수': 'size_t'에서 'int'(으)로 변환하면서 데이터가 손실될 수 있습니다.
  cMessageCenter.cpp
  cNode.cpp
  cObject.cpp
  cPathFollower.cpp
  cPlayer.cpp
  cPoint2N.cpp
c:\users\김도형\desktop\sga수업\api\180625_api(포트리스)\api2d\cpoint2n.cpp(39): warning C4244: '인수': 'float'에서 'int'(으)로 변환하면서 데이터가 손실될 수 있습니다.
c:\users\김도형\desktop\sga수업\api\180625_api(포트리스)\api2d\cpoint2n.cpp(63): warning C4244: 'return': 'double'에서 'float'(으)로 변환하면서 데이터가 손실될 수 있습니다.
  코드를 생성하고 있습니다...
  컴파일하고 있습니다...
  cRadioButton.cpp
c:\users\김도형\desktop\sga수업\api\180625_api(포트리스)\api2d\cradiobutton.cpp(35): warning C4244: '인수': 'size_t'에서 'float'(으)로 변환하면서 데이터가 손실될 수 있습니다.
c:\users\김도형\desktop\sga수업\api\180625_api(포트리스)\api2d\cradiobutton.cpp(35): warning C4244: '인수': 'LONG'에서 'float'(으)로 변환하면서 데이터가 손실될 수 있습니다.
c:\users\김도형\desktop\sga수업\api\180625_api(포트리스)\api2d\cradiobutton.cpp(38): warning C4267: '=': 'size_t'에서 'LONG'(으)로 변환하면서 데이터가 손실될 수 있습니다.
c:\users\김도형\desktop\sga수업\api\180625_api(포트리스)\api2d\cradiobutton.cpp(39): warning C4267: '=': 'size_t'에서 'LONG'(으)로 변환하면서 데이터가 손실될 수 있습니다.
c:\users\김도형\desktop\sga수업\api\180625_api(포트리스)\api2d\cradiobutton.cpp(42): warning C4267: '인수': 'size_t'에서 'int'(으)로 변환하면서 데이터가 손실될 수 있습니다.
c:\users\김도형\desktop\sga수업\api\180625_api(포트리스)\api2d\cradiobutton.cpp(51): warning C4267: '=': 'size_t'에서 'LONG'(으)로 변환하면서 데이터가 손실될 수 있습니다.
c:\users\김도형\desktop\sga수업\api\180625_api(포트리스)\api2d\cradiobutton.cpp(68): warning C4267: '=': 'size_t'에서 'LONG'(으)로 변환하면서 데이터가 손실될 수 있습니다.
c:\users\김도형\desktop\sga수업\api\180625_api(포트리스)\api2d\cradiobutton.cpp(69): warning C4267: '=': 'size_t'에서 'LONG'(으)로 변환하면서 데이터가 손실될 수 있습니다.
c:\users\김도형\desktop\sga수업\api\180625_api(포트리스)\api2d\cradiobutton.cpp(72): warning C4267: '=': 'size_t'에서 'int'(으)로 변환하면서 데이터가 손실될 수 있습니다.
  cSpriteSheet.cpp
  cSpriteSheetAnimation.cpp
  cTimeManager.cpp
  cUtil.cpp
c:\users\김도형\desktop\sga수업\api\180625_api(포트리스)\api2d\cutil.cpp(10): warning C4244: '인수': 'float'에서 'int'(으)로 변환하면서 데이터가 손실될 수 있습니다.
c:\users\김도형\desktop\sga수업\api\180625_api(포트리스)\api2d\cutil.cpp(9): warning C4244: '인수': 'float'에서 'int'(으)로 변환하면서 데이터가 손실될 수 있습니다.
c:\users\김도형\desktop\sga수업\api\180625_api(포트리스)\api2d\cutil.cpp(8): warning C4244: '인수': 'float'에서 'int'(으)로 변환하면서 데이터가 손실될 수 있습니다.
c:\users\김도형\desktop\sga수업\api\180625_api(포트리스)\api2d\cutil.cpp(7): warning C4244: '인수': 'float'에서 'int'(으)로 변환하면서 데이터가 손실될 수 있습니다.
c:\users\김도형\desktop\sga수업\api\180625_api(포트리스)\api2d\cutil.cpp(20): warning C4244: '초기화 중': 'LONG'에서 'float'(으)로 변환하면서 데이터가 손실될 수 있습니다.
c:\users\김도형\desktop\sga수업\api\180625_api(포트리스)\api2d\cutil.cpp(21): warning C4244: '초기화 중': 'LONG'에서 'float'(으)로 변환하면서 데이터가 손실될 수 있습니다.
c:\users\김도형\desktop\sga수업\api\180625_api(포트리스)\api2d\cutil.cpp(22): warning C4244: '초기화 중': 'LONG'에서 'float'(으)로 변환하면서 데이터가 손실될 수 있습니다.
c:\users\김도형\desktop\sga수업\api\180625_api(포트리스)\api2d\cutil.cpp(23): warning C4244: '초기화 중': 'LONG'에서 'float'(으)로 변환하면서 데이터가 손실될 수 있습니다.
c:\users\김도형\desktop\sga수업\api\180625_api(포트리스)\api2d\cutil.cpp(42): warning C4244: '인수': 'LONG'에서 'float'(으)로 변환하면서 데이터가 손실될 수 있습니다.
c:\users\김도형\desktop\sga수업\api\180625_api(포트리스)\api2d\cutil.cpp(43): warning C4244: '인수': 'LONG'에서 'float'(으)로 변환하면서 데이터가 손실될 수 있습니다.
c:\users\김도형\desktop\sga수업\api\180625_api(포트리스)\api2d\cutil.cpp(44): warning C4244: '인수': 'LONG'에서 'float'(으)로 변환하면서 데이터가 손실될 수 있습니다.
c:\users\김도형\desktop\sga수업\api\180625_api(포트리스)\api2d\cutil.cpp(45): warning C4244: '인수': 'LONG'에서 'float'(으)로 변환하면서 데이터가 손실될 수 있습니다.
c:\users\김도형\desktop\sga수업\api\180625_api(포트리스)\api2d\cutil.cpp(46): warning C4244: '인수': 'LONG'에서 'float'(으)로 변환하면서 데이터가 손실될 수 있습니다.
c:\users\김도형\desktop\sga수업\api\180625_api(포트리스)\api2d\cutil.cpp(47): warning C4244: '인수': 'LONG'에서 'float'(으)로 변환하면서 데이터가 손실될 수 있습니다.
c:\users\김도형\desktop\sga수업\api\180625_api(포트리스)\api2d\cutil.cpp(48): warning C4244: '인수': 'LONG'에서 'float'(으)로 변환하면서 데이터가 손실될 수 있습니다.
c:\users\김도형\desktop\sga수업\api\180625_api(포트리스)\api2d\cutil.cpp(49): warning C4244: '인수': 'LONG'에서 'float'(으)로 변환하면서 데이터가 손실될 수 있습니다.
  cVector2.cpp
c:\users\김도형\desktop\sga수업\api\180625_api(포트리스)\api2d\cvector2.cpp(12): warning C4244: '초기화 중': 'const LONG'에서 'float'(으)로 변환하면서 데이터가 손실될 수 있습니다.
c:\users\김도형\desktop\sga수업\api\180625_api(포트리스)\api2d\cvector2.cpp(13): warning C4244: '초기화 중': 'const LONG'에서 'float'(으)로 변환하면서 데이터가 손실될 수 있습니다.
c:\users\김도형\desktop\sga수업\api\180625_api(포트리스)\api2d\cvector2.cpp(44): warning C4244: '=': 'float'에서 'LONG'(으)로 변환하면서 데이터가 손실될 수 있습니다.
c:\users\김도형\desktop\sga수업\api\180625_api(포트리스)\api2d\cvector2.cpp(45): warning C4244: '=': 'float'에서 'LONG'(으)로 변환하면서 데이터가 손실될 수 있습니다.
  iAnimation.cpp
  iCrtState.cpp
  코드를 생성하고 있습니다...
  API2D.vcxproj -> C:\Users\김도형\Desktop\SGA수업\API\180625_API(포트리스)\x64\Debug\API2D.exe
