  cMainGame.cpp
c:\users\김도형\desktop\sga수업\3d\180809cube(선생님)\api2d\cmaingame.cpp(96): warning C4244: '인수': 'int'에서 'float'(으)로 변환하면서 데이터가 손실될 수 있습니다.
c:\users\김도형\desktop\sga수업\3d\180809cube(선생님)\api2d\cmaingame.cpp(97): warning C4244: '인수': 'int'에서 'float'(으)로 변환하면서 데이터가 손실될 수 있습니다.
c:\users\김도형\desktop\sga수업\3d\180809cube(선생님)\api2d\cmaingame.cpp(98): warning C4244: '인수': 'int'에서 'float'(으)로 변환하면서 데이터가 손실될 수 있습니다.
c:\users\김도형\desktop\sga수업\3d\180809cube(선생님)\api2d\cmaingame.cpp(99): warning C4244: '인수': 'int'에서 'float'(으)로 변환하면서 데이터가 손실될 수 있습니다.
c:\users\김도형\desktop\sga수업\3d\180809cube(선생님)\api2d\cmaingame.cpp(160): warning C4244: '인수': 'LONG'에서 'float'(으)로 변환하면서 데이터가 손실될 수 있습니다.
c:\users\김도형\desktop\sga수업\3d\180809cube(선생님)\api2d\cmaingame.cpp(196): warning C4244: '인수': 'float'에서 'int'(으)로 변환하면서 데이터가 손실될 수 있습니다.
c:\users\김도형\desktop\sga수업\3d\180809cube(선생님)\api2d\cmaingame.cpp(197): warning C4244: '인수': 'float'에서 'int'(으)로 변환하면서 데이터가 손실될 수 있습니다.
c:\users\김도형\desktop\sga수업\3d\180809cube(선생님)\api2d\cmaingame.cpp(198): warning C4244: '인수': 'float'에서 'int'(으)로 변환하면서 데이터가 손실될 수 있습니다.
c:\users\김도형\desktop\sga수업\3d\180809cube(선생님)\api2d\cmaingame.cpp(199): warning C4244: '인수': 'float'에서 'int'(으)로 변환하면서 데이터가 손실될 수 있습니다.
c:\users\김도형\desktop\sga수업\3d\180809cube(선생님)\api2d\cmaingame.cpp(215): warning C4244: '인수': 'float'에서 'int'(으)로 변환하면서 데이터가 손실될 수 있습니다.
c:\users\김도형\desktop\sga수업\3d\180809cube(선생님)\api2d\cmaingame.cpp(216): warning C4244: '인수': 'float'에서 'int'(으)로 변환하면서 데이터가 손실될 수 있습니다.
c:\users\김도형\desktop\sga수업\3d\180809cube(선생님)\api2d\cmaingame.cpp(217): warning C4244: '인수': 'float'에서 'int'(으)로 변환하면서 데이터가 손실될 수 있습니다.
c:\users\김도형\desktop\sga수업\3d\180809cube(선생님)\api2d\cmaingame.cpp(218): warning C4244: '인수': 'float'에서 'int'(으)로 변환하면서 데이터가 손실될 수 있습니다.
c:\users\김도형\desktop\sga수업\3d\180809cube(선생님)\api2d\cmaingame.cpp(220): warning C4267: '인수': 'size_t'에서 'int'(으)로 변환하면서 데이터가 손실될 수 있습니다.
c:\users\김도형\desktop\sga수업\3d\180809cube(선생님)\api2d\cmaingame.cpp(220): warning C4244: '인수': 'float'에서 'int'(으)로 변환하면서 데이터가 손실될 수 있습니다.
c:\users\김도형\desktop\sga수업\3d\180809cube(선생님)\api2d\cmaingame.cpp(221): warning C4267: '인수': 'size_t'에서 'int'(으)로 변환하면서 데이터가 손실될 수 있습니다.
c:\users\김도형\desktop\sga수업\3d\180809cube(선생님)\api2d\cmaingame.cpp(221): warning C4244: '인수': 'float'에서 'int'(으)로 변환하면서 데이터가 손실될 수 있습니다.
c:\users\김도형\desktop\sga수업\3d\180809cube(선생님)\api2d\cmaingame.cpp(255): warning C4065: switch문에 'default'가 있으나 'case' 레이블이 없습니다.
  API2D.vcxproj -> C:\Users\김도형\Desktop\SGA수업\3d\180809CUBE(선생님)\x64\Debug\API2D.exe
